<plugin name="TestPlugin" displayName="Mock JBoss AS" package="org.rhq.plugins.mock.jboss"
        xmlns:xsi="http://www.w3.org/2001/XMLSchema-instance"
        xmlns="urn:xmlns:rhq-plugin">

   <server name="testServer1">
      <subcategories>
         <subcategory name="applications" displayName="Apps" description="The apps."/>
      </subcategories>
   </server>

   <server name="testServer2">
       <subcategories>
         <subcategory name="resource">
            <subcategory name="dataSource" displayName="DataSource" description="Some datasources"/>
            <subcategory name="destinations" displayName="JMS Destinations" description="Some destinations"/>
         </subcategory>
         <subcategory name="services" displayName="Services" description="Some datasources"/>      
      </subcategories>
   </server>


</plugin>
   