<!--
  ~ RHQ Management Platform
  ~ Copyright (C) 2005-2013 Red Hat, Inc.
  ~ All rights reserved.
  ~
  ~ This program is free software; you can redistribute it and/or modify
  ~ it under the terms of the GNU General Public License as published by
  ~ the Free Software Foundation version 2 of the License.
  ~
  ~ This program is distributed in the hope that it will be useful,
  ~ but WITHOUT ANY WARRANTY; without even the implied warranty of
  ~ MERCHANTABILITY or FITNESS FOR A PARTICULAR PURPOSE. See the
  ~ GNU General Public License for more details.
  ~
  ~ You should have received a copy of the GNU General Public License
  ~ along with this program; if not, write to the Free Software Foundation, Inc.,
  ~ 51 Franklin Street, Fifth Floor, Boston, MA 02110-1301, USA
  -->

<plugin name="TestPlugin" displayName="Mock JBoss AS" package="org.rhq.plugins.mock.jboss"
        xmlns:xsi="http://www.w3.org/2001/XMLSchema-instance"
        xmlns="urn:xmlns:rhq-plugin">

  <server name="testServer1">
    <subcategories>
      <subcategory name="applications" displayName="Apps" description="The apps."/>
      <subcategory name="fooBar"/>
    </subcategories>
  </server>

  <!-- subCategory="applications"  means that resources of this type go in the 'applications folder' of testServer1-->
  <server name="testServer2" subCategory="applications">
    <runs-inside>
      <parent-resource-type name="testServer1" plugin="TestPlugin"/>
    </runs-inside>
    <metric property="testMetric"/>
  </server>

  <service name="testService" subCategory="applications">
    <runs-inside>
      <parent-resource-type name="testServer1" plugin="TestPlugin"/>
    </runs-inside>

  </service>

  <service name="testService2" subCategory="applications">
    <runs-inside>
      <parent-resource-type name="testServer1" plugin="TestPlugin"/>
    </runs-inside>

  </service>

  <service name="testService3" subCategory="fooBar">
    <runs-inside>
      <parent-resource-type name="testServer1" plugin="TestPlugin"/>
    </runs-inside>

  </service>

</plugin>
