<plugin name="JMX"
        displayName="JMX"
        package="org.rhq.plugins.test2"
        xmlns:xsi="http://www.w3.org/2001/XMLSchema-instance"
        xmlns="urn:xmlns:rhq-plugin">

   <server name="JMXServer"
           description="JMXServer Description"
           discovery="JMXDiscoveryComponent"
           class="JMXServerComponent">
           
      <service name="OperatingSystem"
               description="OperatingSystem Description"
               discovery="MBeanResourceDiscoveryComponent"
               class="MBeanResourceComponent">
               
      </service>
   </server>

</plugin>