<?xml version="1.0" encoding="UTF-8"?>

<generic-plugin apiVersion="1.2"
                        version="2.3"
                        name="generic name"
                        displayName="generic display"
                        description="generic description"
                        package="generic.package"
                        xmlns="urn:xmlns:rhq-serverplugin.generic"
                        xmlns:serverplugin="urn:xmlns:rhq-serverplugin"
                        xmlns:c="urn:xmlns:rhq-configuration"
                        xmlns:xsi="http://www.w3.org/2001/XMLSchema-instance">

    <serverplugin:lifecycle-listener class="generic.plugin.lifecycle.listener">
        <serverplugin:schedule>
            <!-- Fire at 10:15am every weekday -->
            <serverplugin:cron>0 15 10 ? * MON-FRI</serverplugin:cron>
        </serverplugin:schedule>
    </serverplugin:lifecycle-listener>

    <serverplugin:scheduled-job jobId="generic-job-1" class="generic.scheduled.job1" concurrent="false">
        <serverplugin:period>123</serverplugin:period>
    </serverplugin:scheduled-job>

    <serverplugin:scheduled-job jobId="generic-job-2" class="generic.scheduled.job2" concurrent="true">
        <!-- Fire at 11:30am every wed-thru-fri -->
        <serverplugin:cron>0 30 11 ? * WED-FRI</serverplugin:cron>
    </serverplugin:scheduled-job>

    <serverplugin:plugin-configuration>
       <c:simple-property name="prop1" />
    </serverplugin:plugin-configuration>
</generic-plugin>
