<?xml version="1.0"?>

<project name="test-bundle" xmlns:rhq="antlib:org.rhq.bundle">

    <rhq:bundle name="example.com (JBoss EAP 4.3)" version="2.0"
                description="example.com corporate website hosted on JBoss EAP 4.3"/>

    <rhq:inputProperty
       name="listener.port"
       description="This is where the product will listen for incoming messages"
       required="true"
       defaultValue="8080"
       type="integer"/>    
    
    <target name="deploy">
        <echo>Deploying Test Bundle v2.0 to ${rhq.deploy.dir}...</echo>
        <echo file="${rhq.deploy.dir}/test.log">TEST</echo>
        <rhq:deploy>
            <rhq:file name="test-v2.properties" destinationFile="subdir/test.properties"/>
            <rhq:archive name="file.zip"/>
            <rhq:replace>
                <rhq:fileset includes="**/*.properties"/>
            </rhq:replace>
            <rhq:ignore>
                <rhq:fileset includes="*.log"/>
            </rhq:ignore>
        </rhq:deploy>
    </target>

</project>