<?xml version="1.0"?>

<!--
  ~ RHQ Management Platform
  ~ Copyright (C) 2013 Red Hat, Inc.
  ~ All rights reserved.
  ~
  ~ This program is free software; you can redistribute it and/or modify
  ~ it under the terms of the GNU General Public License as published by
  ~ the Free Software Foundation version 2 of the License.
  ~
  ~ This program is distributed in the hope that it will be useful,
  ~ but WITHOUT ANY WARRANTY; without even the implied warranty of
  ~ MERCHANTABILITY or FITNESS FOR A PARTICULAR PURPOSE. See the
  ~ GNU General Public License for more details.
  ~
  ~ You should have received a copy of the GNU General Public License
  ~ along with this program; if not, write to the Free Software
  ~ Foundation, Inc., 675 Mass Ave, Cambridge, MA 02139, USA.
  -->

<project name="test-bundle" default="main" xmlns:rhq="antlib:org.rhq.bundle">

    <rhq:bundle name="audit-test" version="1">

        <rhq:input-property name="listener.port" type="integer"/>

        <rhq:deployment-unit name="test" preinstallTarget="preinstall" postinstallTarget="postinstall" compliance="full">
            <rhq:file name="test-audit.properties" destinationFile="test-audit.properties" replace="true"/>
        </rhq:deployment-unit>

    </rhq:bundle>

    <target name="main"/>

    <target name="preinstall">
        <property name="preinstallTargetExecuted" value="1a"/>
        <rhq:audit status="success" action="action1" info="info1" message="message1">
            preinstall successful message with port "${listener.port}" !
        </rhq:audit>
        <rhq:audit status="failure" action="action2" info="info2" message="message2">
            preinstall failure message here!
        </rhq:audit>
        <rhq:audit status="warn" action="action3" info="info3" message="message3">
            preinstall warn message here!
        </rhq:audit>
    </target>

    <target name="postinstall">
        <property name="postinstallTargetExecuted" value="1b"/>
        <rhq:audit />
        <rhq:audit status="SUCCESS" />
        <rhq:audit status="WARN" action="actionA" />
        <rhq:audit status="FAILURE" action="actionB" info="infoB" />
        <rhq:audit status="SUCCESS" action="actionC" info="infoC" message="messageC" />
    </target>

</project>
