<plugin name="ResourceMetaDataManagerBeanTest" displayName="Mock JBoss AS" package="org.rhq.plugins.mock.jboss"
        version="1.0"
        xmlns:xsi="http://www.w3.org/2001/XMLSchema-instance"
        xmlns="urn:xmlns:rhq-plugin">

   <!-- The configuration for this server should not throw any errors. -->
   <server name="testServer1">
      <subcategories>
         <subcategory name="applications" displayName="Apps" description="The apps."/>
      </subcategories>
   </server>


   <server name="testServer2">
       <subcategories>
          <subcategory name="services" displayName="Services" description="Some datasources"/>
          <subcategory name="resource">
            <subcategory name="dataSource" displayName="DataSource" description="Some datasources"/>
            <subcategory name="destinations" displayName="JMS Destinations" description="Some destinations"/>
         </subcategory>
      </subcategories>
   </server>


</plugin>
   